1679284879375	geckodriver	INFO	Listening on 127.0.0.1:58231
1679284882498	mozrunner::runner	INFO	Running command: "C:\\Program Files\\Mozilla Firefox\\firefox.exe" "--marionette" "--remote-debugging-port" "58232" "--remote-allow-hosts" "localhost" "-no-remote" "-profile" "C:\\Users\\ramosv\\AppData\\Local\\Temp\\rust_mozprofileQInVlu"
console.warn: services.settings: Ignoring preference override of remote settings server
console.warn: services.settings: Allow by setting MOZ_REMOTE_SETTINGS_DEVTOOLS=1 in the environment
1679284882819	Marionette	INFO	Marionette enabled
Dynamically enable window occlusion 0
1679284882825	Marionette	INFO	Listening on port 58244
WebDriver BiDi listening on ws://127.0.0.1:58232
Read port: 58244
1679284883132	RemoteAgent	WARN	TLS certificate errors will be ignored for this session
console.warn: SearchSettings: "get: No settings file exists, new profile?" (new NotFoundError("Could not open the file at C:\\Users\\ramosv\\AppData\\Local\\Temp\\rust_mozprofileQInVlu\\search.json.mozlz4", (void 0)))
DevTools listening on ws://127.0.0.1:58232/devtools/browser/8ae010d4-49ca-49e0-bd69-6d2b6f85df74
console.warn: LoginRecipes: "Falling back to a synchronous message for: https://github.com."
console.warn: LoginRecipes: "Falling back to a synchronous message for: https://github.com."
console.warn: LoginRecipes: "Falling back to a synchronous message for: https://github.com."
console.warn: LoginRecipes: "Falling back to a synchronous message for: https://github.com."
1679284887365	Marionette	WARN	Ignoring event 'DOMContentLoaded' because document has an invalid readyState of 'complete'.
console.error: (new Error("Polling for changes failed: NetworkError: Network request failed.", "resource://services-settings/remote-settings.js", 334))
JavaScript error: , line 0: NS_ERROR_NOT_AVAILABLE
JavaScript error: resource://gre/modules/PromiseWorker.jsm, line 106: Error: Could not get children of file(C:\Users\ramosv\AppData\Local\Temp\rust_mozprofileQInVlu\thumbnails) because it does not exist
